<?xml version="1.0" encoding="UTF-8"?>
<!-- Generated by org.testng.reporters.JUnitReportReporter -->
<testsuite skipped="0" hostname="DELL-PC" name="first.LibraryHashMap" tests="1" failures="0" timestamp="2020-08-27T09:35:36 EDT" time="6.156" errors="0">
  <testcase name="addBook" time="6.156" classname="first.LibraryHashMap"/>
  <system-out/>
</testsuite> <!-- first.LibraryHashMap -->
