<?xml version="1.0" encoding="UTF-8"?>
<!-- Generated by org.testng.reporters.JUnitReportReporter -->
<testsuite skipped="0" hostname="DELL-PC" name="first.StaticJson" tests="1" failures="0" timestamp="2020-08-20T13:34:30 EDT" time="5.198" errors="0">
  <testcase name="addBook" time="5.198" classname="first.StaticJson"/>
  <system-out/>
</testsuite> <!-- first.StaticJson -->
